time="2025-12-14T13:59:00+01:00" level=warning msg="/mnt/c/Users/0322s/Documents/GitHub/vitmma19-pw/docker-compose.yaml: the attribute `version` is obsolete, it will be ignored, please remove it to avoid potential confusion"
#1 [internal] load local bake definitions
#1 reading from stdin 702B done
#1 DONE 0.0s

#2 [web internal] load build definition from Dockerfile
#2 transferring dockerfile: 207B 0.0s done
#2 DONE 0.0s

#3 [ai internal] load build definition from Dockerfile
#3 transferring dockerfile: 863B 0.0s done
#3 DONE 0.0s

#4 [ai internal] load metadata for docker.io/tensorflow/tensorflow:2.15.0-gpu
#4 ERROR: error getting credentials - err: exit status 1, out: ``

#5 [web internal] load metadata for docker.io/library/python:3.11-slim
#5 ERROR: error getting credentials - err: exit status 1, out: ``
------
 > [web internal] load metadata for docker.io/library/python:3.11-slim:
------
------
 > [ai internal] load metadata for docker.io/tensorflow/tensorflow:2.15.0-gpu:
------
Dockerfile:6
--------------------
   4 |     # runtime, GPU support, volumes, entrypoint behaviour etc.).
   5 |     
   6 | >>> FROM tensorflow/tensorflow:2.15.0-gpu
   7 |     
   8 |     WORKDIR /app
--------------------
target ai: failed to solve: error getting credentials - err: exit status 1, out: ``
